INFO:__main__:
 NEW EXECUTION 

INFO:werkzeug: * Running on http://127.0.0.1:5000/ (Press CTRL+C to quit)
INFO:covid_news_handling:Added a new title to removed_article_titles
INFO:__main__:Removed an article
INFO:__main__:Size of list_scheduled_updates = 0
INFO:werkzeug:127.0.0.1 - - [07/Dec/2021 15:47:02] "[32mGET /index?notif=Australia+news+LIVE%3A+William+Tyrrell+search+enters+second+week%3B+Victoria+records+1029+new+local+COVID-19+cases%2C+three+deaths+-+The+Sydney+Morning+Herald HTTP/1.1[0m" 302 -
INFO:covid_data_handler:Returning local data
INFO:covid_data_handler:New total_deaths , current_hospital_cases and last7days_cases calculated
INFO:covid_data_handler:Returning national data
INFO:covid_data_handler:New total_deaths , current_hospital_cases and last7days_cases calculated
INFO:covid_news_handling:return ARTICLE_LIST
INFO:covid_news_handling:Updated and returned news articles
INFO:werkzeug:127.0.0.1 - - [07/Dec/2021 15:47:02] "GET / HTTP/1.1" 200 -
INFO:werkzeug:127.0.0.1 - - [07/Dec/2021 15:47:02] "[36mGET /static/images/covid_image.png HTTP/1.1[0m" 304 -
INFO:werkzeug:127.0.0.1 - - [07/Dec/2021 15:47:02] "[33mGET /favicon.ico HTTP/1.1[0m" 404 -
INFO:covid_news_handling:Added a new title to removed_article_titles
INFO:__main__:Removed an article
INFO:__main__:Size of list_scheduled_updates = 0
INFO:werkzeug:127.0.0.1 - - [07/Dec/2021 15:47:05] "[32mGET /index?notif=Covid+live%3A+Early+signs+Omicron+more+transmissible+than+Delta%2C+UK+PM+says%3B+Spain+clears+jabs+for+5-+to+11-year-olds+-+The+Guardian HTTP/1.1[0m" 302 -
INFO:covid_data_handler:Returning local data
INFO:covid_data_handler:New total_deaths , current_hospital_cases and last7days_cases calculated
INFO:covid_data_handler:Returning national data
INFO:covid_data_handler:New total_deaths , current_hospital_cases and last7days_cases calculated
INFO:covid_news_handling:return ARTICLE_LIST
INFO:covid_news_handling:Updated and returned news articles
INFO:werkzeug:127.0.0.1 - - [07/Dec/2021 15:47:05] "GET / HTTP/1.1" 200 -
INFO:werkzeug:127.0.0.1 - - [07/Dec/2021 15:47:05] "[36mGET /static/images/covid_image.png HTTP/1.1[0m" 304 -
INFO:covid_news_handling:Added a new title to removed_article_titles
INFO:__main__:Removed an article
INFO:__main__:Size of list_scheduled_updates = 0
INFO:werkzeug:127.0.0.1 - - [07/Dec/2021 15:47:07] "[32mGET /index?notif=NZ+Woman+who+thought+Covid+was+%27just+the+flu%27+warns+Kiwi%27s+of+her+mistake+-+Daily+Mail HTTP/1.1[0m" 302 -
INFO:covid_data_handler:Returning local data
INFO:covid_data_handler:New total_deaths , current_hospital_cases and last7days_cases calculated
INFO:covid_data_handler:Returning national data
INFO:covid_data_handler:New total_deaths , current_hospital_cases and last7days_cases calculated
INFO:covid_news_handling:return ARTICLE_LIST
INFO:covid_news_handling:Updated and returned news articles
INFO:werkzeug:127.0.0.1 - - [07/Dec/2021 15:47:07] "GET / HTTP/1.1" 200 -
INFO:werkzeug:127.0.0.1 - - [07/Dec/2021 15:47:07] "[36mGET /static/images/covid_image.png HTTP/1.1[0m" 304 -
INFO:__main__:Calculated delay time
INFO:covid_data_handler:Scheduling Update_2 a news update in 42.0seconds
INFO:__main__:Calculated delay time
INFO:covid_news_handling:Scheduling Update_2 a covid update in 42.0seconds

INFO:__main__:New scheduled event :
 Update_2['Time | 15:48', 'Covid_update | True', 'News_update | True', 'Repeat | False']
INFO:__main__:Size of list_scheduled_updates = 1
INFO:werkzeug:127.0.0.1 - - [07/Dec/2021 15:47:18] "[32mGET /index?update=15%3A48&two=Update_2&covid-data=covid-data&news=news HTTP/1.1[0m" 302 -
INFO:covid_data_handler:Returning local data
INFO:covid_data_handler:New total_deaths , current_hospital_cases and last7days_cases calculated
INFO:covid_data_handler:Returning national data
INFO:covid_data_handler:New total_deaths , current_hospital_cases and last7days_cases calculated
INFO:covid_news_handling:return ARTICLE_LIST
INFO:covid_news_handling:Updated and returned news articles
INFO:werkzeug:127.0.0.1 - - [07/Dec/2021 15:47:18] "GET / HTTP/1.1" 200 -
INFO:werkzeug:127.0.0.1 - - [07/Dec/2021 15:47:18] "[36mGET /static/images/covid_image.png HTTP/1.1[0m" 304 -
INFO:covid_news_handling:Added a new title to removed_article_titles
INFO:__main__:Removed an article
INFO:__main__:Size of list_scheduled_updates = 1
INFO:covid_data_handler:National covid data updated
INFO:covid_data_handler:Local covid data updated
INFO:werkzeug:127.0.0.1 - - [07/Dec/2021 15:48:14] "[32mGET /index?notif=Study+analyzes+which+factors+play+a+role+when+people+decide+for+or+against+vaccination+-+News-Medical.net HTTP/1.1[0m" 302 -
INFO:covid_data_handler:Returning local data
INFO:covid_data_handler:New total_deaths , current_hospital_cases and last7days_cases calculated
INFO:covid_data_handler:Returning national data
INFO:covid_data_handler:New total_deaths , current_hospital_cases and last7days_cases calculated
INFO:covid_news_handling:return ARTICLE_LIST
INFO:covid_news_handling:Updated and returned news articles
INFO:__main__:Removed Update_2 from list_scheduled_updates
INFO:__main__:**Update_2
INFO:__main__:list.remove(x): x not in list
INFO:werkzeug:127.0.0.1 - - [07/Dec/2021 15:48:14] "GET / HTTP/1.1" 200 -
INFO:werkzeug:127.0.0.1 - - [07/Dec/2021 15:48:14] "[36mGET /static/images/covid_image.png HTTP/1.1[0m" 304 -
INFO:covid_data_handler:Returning local data
INFO:covid_data_handler:New total_deaths , current_hospital_cases and last7days_cases calculated
INFO:covid_data_handler:Returning national data
INFO:covid_data_handler:New total_deaths , current_hospital_cases and last7days_cases calculated
INFO:covid_news_handling:return ARTICLE_LIST
INFO:covid_news_handling:Updated and returned news articles
INFO:werkzeug:127.0.0.1 - - [07/Dec/2021 15:48:19] "GET / HTTP/1.1" 200 -
INFO:werkzeug:127.0.0.1 - - [07/Dec/2021 15:48:19] "[36mGET /static/images/covid_image.png HTTP/1.1[0m" 304 -
INFO:__main__:Size of list_scheduled_updates = 0
INFO:werkzeug:127.0.0.1 - - [07/Dec/2021 15:49:19] "[32mGET /index HTTP/1.1[0m" 302 -
INFO:covid_data_handler:Returning local data
INFO:covid_data_handler:New total_deaths , current_hospital_cases and last7days_cases calculated
INFO:covid_data_handler:Returning national data
INFO:covid_data_handler:New total_deaths , current_hospital_cases and last7days_cases calculated
INFO:covid_news_handling:return ARTICLE_LIST
INFO:covid_news_handling:Updated and returned news articles
INFO:werkzeug:127.0.0.1 - - [07/Dec/2021 15:49:19] "GET / HTTP/1.1" 200 -
INFO:werkzeug:127.0.0.1 - - [07/Dec/2021 15:49:19] "[36mGET /static/images/covid_image.png HTTP/1.1[0m" 304 -
INFO:__main__:
 NEW EXECUTION 

INFO:covid_data_handler:Local covid data updated
INFO:covid_data_handler:National covid data updated
INFO:app:
 NEW EXECUTION 

INFO:covid_news_handling:Added a new title to removed_article_titles
INFO:app:Removed an article
INFO:app:Calculated delay time
INFO:covid_data_handler:Scheduling a_label a news update in 72522.0seconds
INFO:app:New scheduled event :
 a_label['Time | 12:00', 'Covid_update | True', 'News_update | False', 'Repeat | False']
INFO:app:Size of list_scheduled_updates = 1
INFO:app:Calculated delay time
INFO:covid_news_handling:Scheduling b_label a covid update in 72522.0seconds

INFO:app:New scheduled event :
 b_label['Time | 12:00', 'Covid_update | False', 'News_update | True', 'Repeat | False']
INFO:app:Size of list_scheduled_updates = 2
INFO:app:Calculated delay time
INFO:covid_data_handler:Scheduling c_label a news update in 72522.0seconds
INFO:app:Calculated delay time
INFO:covid_news_handling:Scheduling c_label a covid update in 72522.0seconds

INFO:app:New scheduled event :
 c_label['Time | 12:00', 'Covid_update | True', 'News_update | True', 'Repeat | False']
INFO:app:Size of list_scheduled_updates = 3
INFO:app:Calculated delay time
INFO:covid_data_handler:Scheduling d_label a news update in 72522.0seconds
INFO:app:Calculated delay time
INFO:covid_news_handling:Scheduling d_label a covid update in 72522.0seconds

INFO:app:New scheduled event :
 d_label['Time | 12:00', 'Covid_update | True', 'News_update | True', 'Repeat | True']
INFO:app:Size of list_scheduled_updates = 4
INFO:app:a_label removed from covid scheduler
INFO:app:b_label removed from news scheduler
INFO:app:c_label removed from covid scheduler
INFO:app:c_label removed from news scheduler
INFO:app:d_label removed from covid scheduler
INFO:app:d_label removed from news scheduler
INFO:app:Calculated delay time
INFO:app:Calculated delay time
INFO:covid_news_handling:Scheduling remove_label a covid update in 72522.0seconds

INFO:app:New scheduled event :
 remove_label['Time | 12:00', 'Covid_update | False', 'News_update | True', 'Repeat | False']
INFO:app:Size of list_scheduled_updates = 1
INFO:app:remove_label removed from news scheduler
INFO:app:remove_label removed from list_scheduled_updates
INFO:app:Calculated delay time
INFO:covid_data_handler:Scheduling a_label a news update in 72522.0seconds
INFO:app:New scheduled event :
 a_label['Time | 12:00', 'Covid_update | True', 'News_update | False', 'Repeat | False']
INFO:app:Size of list_scheduled_updates = 1
INFO:app:Size of list_scheduled_updates = 1
INFO:covid_data_handler:Readlines from csv file
INFO:covid_data_handler:Readlines from csv file
INFO:covid_data_handler:Local covid data updated
INFO:covid_data_handler:Scheduling update test a news update in 10seconds
INFO:covid_data_handler:Local covid data updated
INFO:covid_data_handler:National covid data updated
INFO:covid_data_handler:Returning local data
INFO:covid_data_handler:Returning national data
INFO:covid_data_handler:National covid data updated
INFO:covid_data_handler:New total_deaths , current_hospital_cases and last7days_cases calculated
INFO:covid_news_handling:Scheduling test a covid update in 10seconds

INFO:covid_news_handling:Updated and returned news articles
INFO:covid_news_handling:Added a new title to removed_article_titles
INFO:covid_news_handling:return ARTICLE_LIST
INFO:__main__:Calculated delay time
INFO:covid_data_handler:Scheduling Update_2 a news update in 86197.0seconds
INFO:__main__:New scheduled event :
 Update_2['Time | 15:48', 'Covid_update | True', 'News_update | False', 'Repeat | False']
INFO:__main__:Size of list_scheduled_updates = 1
INFO:__main__:Update_2 removed from covid scheduler
INFO:__main__:Update_2 removed from list_scheduled_updates
INFO:werkzeug: * Running on http://127.0.0.1:5000/ (Press CTRL+C to quit)
INFO:__main__:
 NEW EXECUTION 

INFO:covid_data_handler:Local covid data updated
INFO:covid_data_handler:National covid data updated
INFO:app:
 NEW EXECUTION 

INFO:covid_news_handling:Added a new title to removed_article_titles
INFO:app:Removed an article
INFO:app:Calculated delay time
INFO:covid_data_handler:Scheduling a_label a news update in 72348.0seconds
INFO:app:New scheduled event :
 a_label['Time | 12:00', 'Covid_update | True', 'News_update | False', 'Repeat | False']
INFO:app:Size of list_scheduled_updates = 1
INFO:app:Calculated delay time
INFO:covid_news_handling:Scheduling b_label a covid update in 72348.0seconds

INFO:app:New scheduled event :
 b_label['Time | 12:00', 'Covid_update | False', 'News_update | True', 'Repeat | False']
INFO:app:Size of list_scheduled_updates = 2
INFO:app:Calculated delay time
INFO:covid_data_handler:Scheduling c_label a news update in 72348.0seconds
INFO:app:Calculated delay time
INFO:covid_news_handling:Scheduling c_label a covid update in 72348.0seconds

INFO:app:New scheduled event :
 c_label['Time | 12:00', 'Covid_update | True', 'News_update | True', 'Repeat | False']
INFO:app:Size of list_scheduled_updates = 3
INFO:app:Calculated delay time
INFO:covid_data_handler:Scheduling d_label a news update in 72348.0seconds
INFO:app:Calculated delay time
INFO:covid_news_handling:Scheduling d_label a covid update in 72348.0seconds

INFO:app:New scheduled event :
 d_label['Time | 12:00', 'Covid_update | True', 'News_update | True', 'Repeat | True']
INFO:app:Size of list_scheduled_updates = 4
INFO:app:a_label removed from covid scheduler
INFO:app:b_label removed from news scheduler
INFO:app:c_label removed from covid scheduler
INFO:app:c_label removed from news scheduler
INFO:app:d_label removed from covid scheduler
INFO:app:d_label removed from news scheduler
INFO:app:Calculated delay time
INFO:app:Calculated delay time
INFO:covid_news_handling:Scheduling remove_label a covid update in 72348.0seconds

INFO:app:New scheduled event :
 remove_label['Time | 12:00', 'Covid_update | False', 'News_update | True', 'Repeat | False']
INFO:app:Size of list_scheduled_updates = 1
INFO:app:remove_label removed from news scheduler
INFO:app:remove_label removed from list_scheduled_updates
INFO:app:Calculated delay time
INFO:covid_data_handler:Scheduling a_label a news update in 72348.0seconds
INFO:app:New scheduled event :
 a_label['Time | 12:00', 'Covid_update | True', 'News_update | False', 'Repeat | False']
INFO:app:Size of list_scheduled_updates = 1
INFO:app:Size of list_scheduled_updates = 1
INFO:covid_data_handler:Readlines from csv file
INFO:covid_data_handler:Readlines from csv file
INFO:covid_data_handler:Local covid data updated
INFO:covid_data_handler:Scheduling update test a news update in 10seconds
INFO:covid_data_handler:Local covid data updated
INFO:covid_data_handler:National covid data updated
INFO:covid_data_handler:Returning local data
INFO:covid_data_handler:Returning national data
INFO:covid_data_handler:National covid data updated
INFO:covid_data_handler:New total_deaths , current_hospital_cases and last7days_cases calculated
INFO:covid_news_handling:Scheduling test a covid update in 10seconds

INFO:covid_news_handling:Updated and returned news articles
INFO:covid_news_handling:Added a new title to removed_article_titles
INFO:covid_news_handling:return ARTICLE_LIST
INFO:__main__:Calculated delay time
INFO:covid_data_handler:Scheduling Update_2 a news update in 86023.0seconds
INFO:__main__:New scheduled event :
 Update_2['Time | 15:48', 'Covid_update | True', 'News_update | False', 'Repeat | False']
INFO:__main__:Size of list_scheduled_updates = 1
INFO:__main__:Update_2 removed from covid scheduler
INFO:__main__:Update_2 removed from list_scheduled_updates
INFO:werkzeug: * Running on http://127.0.0.1:5000/ (Press CTRL+C to quit)
INFO:__main__:
 NEW EXECUTION 

INFO:covid_data_handler:Local covid data updated
INFO:covid_data_handler:National covid data updated
INFO:app:
 NEW EXECUTION 

INFO:covid_news_handling:Added a new title to removed_article_titles
INFO:app:Removed an article
INFO:app:Calculated delay time
INFO:covid_data_handler:Scheduling a_label a news update in 71827.0seconds
INFO:app:New scheduled event :
 a_label['Time | 12:00', 'Covid_update | True', 'News_update | False', 'Repeat | False']
INFO:app:Size of list_scheduled_updates = 1
INFO:app:Calculated delay time
INFO:covid_news_handling:Scheduling b_label a covid update in 71827.0seconds

INFO:app:New scheduled event :
 b_label['Time | 12:00', 'Covid_update | False', 'News_update | True', 'Repeat | False']
INFO:app:Size of list_scheduled_updates = 2
INFO:app:Calculated delay time
INFO:covid_data_handler:Scheduling c_label a news update in 71827.0seconds
INFO:app:Calculated delay time
INFO:covid_news_handling:Scheduling c_label a covid update in 71827.0seconds

INFO:app:New scheduled event :
 c_label['Time | 12:00', 'Covid_update | True', 'News_update | True', 'Repeat | False']
INFO:app:Size of list_scheduled_updates = 3
INFO:app:Calculated delay time
INFO:covid_data_handler:Scheduling d_label a news update in 71827.0seconds
INFO:app:Calculated delay time
INFO:covid_news_handling:Scheduling d_label a covid update in 71827.0seconds

INFO:app:New scheduled event :
 d_label['Time | 12:00', 'Covid_update | True', 'News_update | True', 'Repeat | True']
INFO:app:Size of list_scheduled_updates = 4
INFO:app:a_label removed from covid scheduler
INFO:app:b_label removed from news scheduler
INFO:app:c_label removed from covid scheduler
INFO:app:c_label removed from news scheduler
INFO:app:d_label removed from covid scheduler
INFO:app:d_label removed from news scheduler
INFO:app:Calculated delay time
INFO:app:Calculated delay time
INFO:covid_news_handling:Scheduling remove_label a covid update in 71826.0seconds

INFO:app:New scheduled event :
 remove_label['Time | 12:00', 'Covid_update | False', 'News_update | True', 'Repeat | False']
INFO:app:Size of list_scheduled_updates = 1
INFO:app:remove_label removed from news scheduler
INFO:app:remove_label removed from list_scheduled_updates
INFO:app:Calculated delay time
INFO:covid_data_handler:Scheduling a_label a news update in 71826.0seconds
INFO:app:New scheduled event :
 a_label['Time | 12:00', 'Covid_update | True', 'News_update | False', 'Repeat | False']
INFO:app:Size of list_scheduled_updates = 1
INFO:app:Size of list_scheduled_updates = 1
INFO:covid_data_handler:Readlines from csv file
INFO:covid_data_handler:Readlines from csv file
INFO:covid_data_handler:Local covid data updated
INFO:covid_data_handler:Scheduling update test a news update in 10seconds
INFO:covid_data_handler:Local covid data updated
INFO:covid_data_handler:National covid data updated
INFO:covid_data_handler:Returning local data
INFO:covid_data_handler:Returning national data
INFO:covid_data_handler:National covid data updated
INFO:covid_data_handler:New total_deaths , current_hospital_cases and last7days_cases calculated
INFO:covid_news_handling:Scheduling test a covid update in 10seconds

INFO:covid_news_handling:Updated and returned news articles
INFO:covid_news_handling:Added a new title to removed_article_titles
INFO:covid_news_handling:return ARTICLE_LIST
INFO:__main__:Calculated delay time
INFO:covid_data_handler:Scheduling Update_2 a news update in 85501.0seconds
INFO:__main__:New scheduled event :
 Update_2['Time | 15:48', 'Covid_update | True', 'News_update | False', 'Repeat | False']
INFO:__main__:Size of list_scheduled_updates = 1
INFO:__main__:Update_2 removed from covid scheduler
INFO:__main__:Update_2 removed from list_scheduled_updates
INFO:werkzeug: * Running on http://127.0.0.1:5000/ (Press CTRL+C to quit)
INFO:__main__:
 NEW EXECUTION 

INFO:covid_data_handler:Local covid data updated
INFO:covid_data_handler:National covid data updated
INFO:app:
 NEW EXECUTION 

INFO:covid_news_handling:Added a new title to removed_article_titles
INFO:app:Removed an article
INFO:app:Calculated delay time
INFO:covid_data_handler:Scheduling a_label a news update in 71796.0seconds
INFO:app:New scheduled event :
 a_label['Time | 12:00', 'Covid_update | True', 'News_update | False', 'Repeat | False']
INFO:app:Size of list_scheduled_updates = 1
INFO:app:Calculated delay time
INFO:covid_news_handling:Scheduling b_label a covid update in 71796.0seconds

INFO:app:New scheduled event :
 b_label['Time | 12:00', 'Covid_update | False', 'News_update | True', 'Repeat | False']
INFO:app:Size of list_scheduled_updates = 2
INFO:app:Calculated delay time
INFO:covid_data_handler:Scheduling c_label a news update in 71796.0seconds
INFO:app:Calculated delay time
INFO:covid_news_handling:Scheduling c_label a covid update in 71796.0seconds

INFO:app:New scheduled event :
 c_label['Time | 12:00', 'Covid_update | True', 'News_update | True', 'Repeat | False']
INFO:app:Size of list_scheduled_updates = 3
INFO:app:Calculated delay time
INFO:covid_data_handler:Scheduling d_label a news update in 71796.0seconds
INFO:app:Calculated delay time
INFO:covid_news_handling:Scheduling d_label a covid update in 71796.0seconds

INFO:app:New scheduled event :
 d_label['Time | 12:00', 'Covid_update | True', 'News_update | True', 'Repeat | True']
INFO:app:Size of list_scheduled_updates = 4
INFO:app:a_label removed from covid scheduler
INFO:app:b_label removed from news scheduler
INFO:app:c_label removed from covid scheduler
INFO:app:c_label removed from news scheduler
INFO:app:d_label removed from covid scheduler
INFO:app:d_label removed from news scheduler
INFO:app:Calculated delay time
INFO:app:Calculated delay time
INFO:covid_news_handling:Scheduling remove_label a covid update in 71796.0seconds

INFO:app:New scheduled event :
 remove_label['Time | 12:00', 'Covid_update | False', 'News_update | True', 'Repeat | False']
INFO:app:Size of list_scheduled_updates = 1
INFO:app:remove_label removed from news scheduler
INFO:app:remove_label removed from list_scheduled_updates
INFO:app:Calculated delay time
INFO:covid_data_handler:Scheduling a_label a news update in 71796.0seconds
INFO:app:New scheduled event :
 a_label['Time | 12:00', 'Covid_update | True', 'News_update | False', 'Repeat | False']
INFO:app:Size of list_scheduled_updates = 1
INFO:app:Size of list_scheduled_updates = 1
INFO:covid_data_handler:Readlines from csv file
INFO:covid_data_handler:Readlines from csv file
INFO:covid_data_handler:Local covid data updated
INFO:covid_data_handler:Scheduling update test a news update in 10seconds
INFO:covid_data_handler:Local covid data updated
INFO:covid_data_handler:National covid data updated
INFO:covid_data_handler:Returning local data
INFO:covid_data_handler:Returning national data
INFO:covid_data_handler:National covid data updated
INFO:covid_data_handler:New total_deaths , current_hospital_cases and last7days_cases calculated
INFO:covid_news_handling:Scheduling test a covid update in 10seconds

INFO:covid_news_handling:Updated and returned news articles
INFO:covid_news_handling:Added a new title to removed_article_titles
INFO:covid_news_handling:return ARTICLE_LIST
INFO:__main__:Calculated delay time
INFO:covid_data_handler:Scheduling Update_2 a news update in 85470.0seconds
INFO:__main__:New scheduled event :
 Update_2['Time | 15:48', 'Covid_update | True', 'News_update | False', 'Repeat | False']
INFO:__main__:Size of list_scheduled_updates = 1
INFO:__main__:Update_2 removed from covid scheduler
INFO:__main__:Update_2 removed from list_scheduled_updates
INFO:werkzeug: * Running on http://127.0.0.1:5000/ (Press CTRL+C to quit)
INFO:__main__:
 NEW EXECUTION 

INFO:covid_data_handler:Local covid data updated
INFO:covid_data_handler:National covid data updated
INFO:app:
 NEW EXECUTION 

INFO:covid_news_handling:Added a new title to removed_article_titles
INFO:app:Removed an article
INFO:app:Calculated delay time
INFO:covid_data_handler:Scheduling a_label a news update in 71436.0seconds
INFO:app:New scheduled event :
 a_label['Time | 12:00', 'Covid_update | True', 'News_update | False', 'Repeat | False']
INFO:app:Size of list_scheduled_updates = 1
INFO:app:Calculated delay time
INFO:covid_news_handling:Scheduling b_label a covid update in 71436.0seconds

INFO:app:New scheduled event :
 b_label['Time | 12:00', 'Covid_update | False', 'News_update | True', 'Repeat | False']
INFO:app:Size of list_scheduled_updates = 2
INFO:app:Calculated delay time
INFO:covid_data_handler:Scheduling c_label a news update in 71436.0seconds
INFO:app:Calculated delay time
INFO:covid_news_handling:Scheduling c_label a covid update in 71436.0seconds

INFO:app:New scheduled event :
 c_label['Time | 12:00', 'Covid_update | True', 'News_update | True', 'Repeat | False']
INFO:app:Size of list_scheduled_updates = 3
INFO:app:Calculated delay time
INFO:covid_data_handler:Scheduling d_label a news update in 71436.0seconds
INFO:app:Calculated delay time
INFO:covid_news_handling:Scheduling d_label a covid update in 71436.0seconds

INFO:app:New scheduled event :
 d_label['Time | 12:00', 'Covid_update | True', 'News_update | True', 'Repeat | True']
INFO:app:Size of list_scheduled_updates = 4
INFO:app:a_label removed from covid scheduler
INFO:app:b_label removed from news scheduler
INFO:app:c_label removed from covid scheduler
INFO:app:c_label removed from news scheduler
INFO:app:d_label removed from covid scheduler
INFO:app:d_label removed from news scheduler
INFO:app:Calculated delay time
INFO:app:Calculated delay time
INFO:covid_news_handling:Scheduling remove_label a covid update in 71436.0seconds

INFO:app:New scheduled event :
 remove_label['Time | 12:00', 'Covid_update | False', 'News_update | True', 'Repeat | False']
INFO:app:Size of list_scheduled_updates = 1
INFO:app:remove_label removed from news scheduler
INFO:app:remove_label removed from list_scheduled_updates
INFO:app:Calculated delay time
INFO:covid_data_handler:Scheduling a_label a news update in 71436.0seconds
INFO:app:New scheduled event :
 a_label['Time | 12:00', 'Covid_update | True', 'News_update | False', 'Repeat | False']
INFO:app:Size of list_scheduled_updates = 1
INFO:app:Size of list_scheduled_updates = 1
INFO:covid_data_handler:Readlines from csv file
INFO:covid_data_handler:Readlines from csv file
INFO:covid_data_handler:process_covid_csv_data returned data
INFO:covid_data_handler:Local covid data updated
INFO:covid_data_handler:Scheduling update test a news update in 10seconds
INFO:covid_data_handler:Local covid data updated
INFO:covid_data_handler:National covid data updated
INFO:covid_data_handler:Returning local data
INFO:covid_data_handler:Returning national data
INFO:covid_data_handler:National covid data updated
INFO:covid_data_handler:New total_deaths , current_hospital_cases and last7days_cases calculated
INFO:covid_news_handling:Scheduling test a covid update in 10seconds

INFO:covid_news_handling:Updated and returned news articles
INFO:covid_news_handling:Added a new title to removed_article_titles
INFO:covid_news_handling:return ARTICLE_LIST
INFO:__main__:Calculated delay time
INFO:covid_data_handler:Scheduling Update_2 a news update in 85112.0seconds
INFO:__main__:New scheduled event :
 Update_2['Time | 15:48', 'Covid_update | True', 'News_update | False', 'Repeat | False']
INFO:__main__:Size of list_scheduled_updates = 1
INFO:__main__:Update_2 removed from covid scheduler
INFO:__main__:Update_2 removed from list_scheduled_updates
INFO:werkzeug: * Running on http://127.0.0.1:5000/ (Press CTRL+C to quit)
INFO:__main__:
 NEW EXECUTION 

INFO:covid_data_handler:Local covid data updated
INFO:covid_data_handler:National covid data updated
INFO:app:
 NEW EXECUTION 

INFO:covid_news_handling:Added a new title to removed_article_titles
INFO:app:Removed an article
INFO:app:Calculated delay time
INFO:covid_data_handler:Scheduling a_label a news update in 71388.0seconds
INFO:app:New scheduled event :
 a_label['Time | 12:00', 'Covid_update | True', 'News_update | False', 'Repeat | False']
INFO:app:Size of list_scheduled_updates = 1
INFO:app:Calculated delay time
INFO:covid_news_handling:Scheduling b_label a covid update in 71388.0seconds

INFO:app:New scheduled event :
 b_label['Time | 12:00', 'Covid_update | False', 'News_update | True', 'Repeat | False']
INFO:app:Size of list_scheduled_updates = 2
INFO:app:Calculated delay time
INFO:covid_data_handler:Scheduling c_label a news update in 71388.0seconds
INFO:app:Calculated delay time
INFO:covid_news_handling:Scheduling c_label a covid update in 71388.0seconds

INFO:app:New scheduled event :
 c_label['Time | 12:00', 'Covid_update | True', 'News_update | True', 'Repeat | False']
INFO:app:Size of list_scheduled_updates = 3
INFO:app:Calculated delay time
INFO:covid_data_handler:Scheduling d_label a news update in 71388.0seconds
INFO:app:Calculated delay time
INFO:covid_news_handling:Scheduling d_label a covid update in 71388.0seconds

INFO:app:New scheduled event :
 d_label['Time | 12:00', 'Covid_update | True', 'News_update | True', 'Repeat | True']
INFO:app:Size of list_scheduled_updates = 4
INFO:app:a_label removed from covid scheduler
INFO:app:b_label removed from news scheduler
INFO:app:c_label removed from covid scheduler
INFO:app:c_label removed from news scheduler
INFO:app:d_label removed from covid scheduler
INFO:app:d_label removed from news scheduler
INFO:app:Calculated delay time
INFO:app:Calculated delay time
INFO:covid_news_handling:Scheduling remove_label a covid update in 71388.0seconds

INFO:app:New scheduled event :
 remove_label['Time | 12:00', 'Covid_update | False', 'News_update | True', 'Repeat | False']
INFO:app:Size of list_scheduled_updates = 1
INFO:app:remove_label removed from news scheduler
INFO:app:remove_label removed from list_scheduled_updates
INFO:app:Calculated delay time
INFO:covid_data_handler:Scheduling a_label a news update in 71388.0seconds
INFO:app:New scheduled event :
 a_label['Time | 12:00', 'Covid_update | True', 'News_update | False', 'Repeat | False']
INFO:app:Size of list_scheduled_updates = 1
INFO:app:Size of list_scheduled_updates = 1
INFO:covid_data_handler:Readlines from csv file
INFO:covid_data_handler:Readlines from csv file
INFO:covid_data_handler:process_covid_csv_data returned data
INFO:covid_data_handler:Local covid data updated
INFO:covid_data_handler:Scheduling update test a news update in 10seconds
INFO:covid_data_handler:Local covid data updated
INFO:covid_data_handler:National covid data updated
INFO:covid_data_handler:Returning local data
INFO:covid_data_handler:Returning national data
INFO:covid_data_handler:National covid data updated
INFO:covid_data_handler:New total_deaths , current_hospital_cases and last7days_cases calculated
INFO:covid_news_handling:Scheduling test a covid update in 10seconds

INFO:covid_news_handling:Updated and returned news articles
INFO:covid_news_handling:Added a new title to removed_article_titles
INFO:covid_news_handling:return ARTICLE_LIST
INFO:__main__:Calculated delay time
INFO:covid_data_handler:Scheduling Update_2 a news update in 85065.0seconds
INFO:__main__:New scheduled event :
 Update_2['Time | 15:48', 'Covid_update | True', 'News_update | False', 'Repeat | False']
INFO:__main__:Size of list_scheduled_updates = 1
INFO:__main__:Update_2 removed from covid scheduler
INFO:__main__:Update_2 removed from list_scheduled_updates
INFO:werkzeug: * Running on http://127.0.0.1:5000/ (Press CTRL+C to quit)
INFO:covid_news_handling:Added a new title to removed_article_titles
INFO:__main__:Removed an article
INFO:__main__:Size of list_scheduled_updates = 0
INFO:werkzeug:127.0.0.1 - - [07/Dec/2021 16:10:21] "[32mGET /index?notif=Australia+news+LIVE%3A+William+Tyrrell+search+enters+second+week%3B+Victoria+records+1029+new+local+COVID-19+cases%2C+three+deaths+-+The+Sydney+Morning+Herald HTTP/1.1[0m" 302 -
INFO:covid_data_handler:Returning local data
INFO:covid_data_handler:New total_deaths , current_hospital_cases and last7days_cases calculated
INFO:covid_data_handler:Returning national data
INFO:covid_data_handler:New total_deaths , current_hospital_cases and last7days_cases calculated
INFO:covid_news_handling:return ARTICLE_LIST
INFO:covid_news_handling:Updated and returned news articles
INFO:werkzeug:127.0.0.1 - - [07/Dec/2021 16:10:21] "GET / HTTP/1.1" 200 -
INFO:werkzeug:127.0.0.1 - - [07/Dec/2021 16:10:21] "[36mGET /static/images/covid_image.png HTTP/1.1[0m" 304 -
INFO:__main__:Calculated delay time
INFO:covid_data_handler:Scheduling Update_2 a news update in 27.0seconds
INFO:__main__:New scheduled event :
 Update_2['Time | 16:11', 'Covid_update | True', 'News_update | False', 'Repeat | False']
INFO:__main__:Size of list_scheduled_updates = 1
INFO:werkzeug:127.0.0.1 - - [07/Dec/2021 16:10:33] "[32mGET /index?update=16%3A11&two=Update_2&covid-data=covid-data HTTP/1.1[0m" 302 -
INFO:covid_data_handler:Returning local data
INFO:covid_data_handler:New total_deaths , current_hospital_cases and last7days_cases calculated
INFO:covid_data_handler:Returning national data
INFO:covid_data_handler:New total_deaths , current_hospital_cases and last7days_cases calculated
INFO:covid_news_handling:return ARTICLE_LIST
INFO:covid_news_handling:Updated and returned news articles
INFO:werkzeug:127.0.0.1 - - [07/Dec/2021 16:10:33] "GET / HTTP/1.1" 200 -
INFO:werkzeug:127.0.0.1 - - [07/Dec/2021 16:10:33] "[36mGET /static/images/covid_image.png HTTP/1.1[0m" 304 -
INFO:__main__:Calculated delay time
INFO:covid_news_handling:Scheduling Update_1 a covid update in 76.0seconds

INFO:__main__:New scheduled event :
 Update_1['Time | 16:12', 'Covid_update | False', 'News_update | True', 'Repeat | False']
INFO:__main__:Size of list_scheduled_updates = 2
INFO:werkzeug:127.0.0.1 - - [07/Dec/2021 16:10:44] "[32mGET /index?update=16%3A12&two=Update_1&news=news HTTP/1.1[0m" 302 -
INFO:covid_data_handler:Returning local data
INFO:covid_data_handler:New total_deaths , current_hospital_cases and last7days_cases calculated
INFO:covid_data_handler:Returning national data
INFO:covid_data_handler:New total_deaths , current_hospital_cases and last7days_cases calculated
INFO:covid_news_handling:return ARTICLE_LIST
INFO:covid_news_handling:Updated and returned news articles
INFO:werkzeug:127.0.0.1 - - [07/Dec/2021 16:10:44] "GET / HTTP/1.1" 200 -
INFO:werkzeug:127.0.0.1 - - [07/Dec/2021 16:10:44] "[36mGET /static/images/covid_image.png HTTP/1.1[0m" 304 -
INFO:__main__:Calculated delay time
INFO:covid_data_handler:Scheduling Update_3 a news update in 123.0seconds
INFO:__main__:Calculated delay time
INFO:covid_news_handling:Scheduling Update_3 a covid update in 123.0seconds

INFO:__main__:New scheduled event :
 Update_3['Time | 16:13', 'Covid_update | True', 'News_update | True', 'Repeat | False']
INFO:__main__:Size of list_scheduled_updates = 3
INFO:werkzeug:127.0.0.1 - - [07/Dec/2021 16:10:57] "[32mGET /index?update=16%3A13&two=Update_3&covid-data=covid-data&news=news HTTP/1.1[0m" 302 -
INFO:covid_data_handler:Returning local data
INFO:covid_data_handler:New total_deaths , current_hospital_cases and last7days_cases calculated
INFO:covid_data_handler:Returning national data
INFO:covid_data_handler:New total_deaths , current_hospital_cases and last7days_cases calculated
INFO:covid_news_handling:return ARTICLE_LIST
INFO:covid_news_handling:Updated and returned news articles
INFO:werkzeug:127.0.0.1 - - [07/Dec/2021 16:10:57] "GET / HTTP/1.1" 200 -
INFO:werkzeug:127.0.0.1 - - [07/Dec/2021 16:10:57] "[36mGET /static/images/covid_image.png HTTP/1.1[0m" 304 -
INFO:__main__:Calculated delay time
INFO:covid_data_handler:Scheduling Update_4 a news update in 165.0seconds
INFO:__main__:Calculated delay time
INFO:covid_news_handling:Scheduling Update_4 a covid update in 165.0seconds

INFO:__main__:New scheduled event :
 Update_4['Time | 16:14', 'Covid_update | True', 'News_update | True', 'Repeat | True']
INFO:__main__:Size of list_scheduled_updates = 4
INFO:covid_data_handler:National covid data updated
INFO:covid_data_handler:Local covid data updated
INFO:werkzeug:127.0.0.1 - - [07/Dec/2021 16:11:17] "[32mGET /index?update=16%3A14&two=Update_4&repeat=repeat&covid-data=covid-data&news=news HTTP/1.1[0m" 302 -
INFO:covid_data_handler:Returning local data
INFO:covid_data_handler:New total_deaths , current_hospital_cases and last7days_cases calculated
INFO:covid_data_handler:Returning national data
INFO:covid_data_handler:New total_deaths , current_hospital_cases and last7days_cases calculated
INFO:covid_news_handling:return ARTICLE_LIST
INFO:covid_news_handling:Updated and returned news articles
INFO:__main__:Removed Update_2 from list_scheduled_updates
INFO:__main__:**Update_2
INFO:werkzeug:127.0.0.1 - - [07/Dec/2021 16:11:17] "GET / HTTP/1.1" 200 -
INFO:werkzeug:127.0.0.1 - - [07/Dec/2021 16:11:18] "[36mGET /static/images/covid_image.png HTTP/1.1[0m" 304 -
INFO:covid_news_handling:Added a new title to removed_article_titles
INFO:__main__:Removed an article
INFO:__main__:Size of list_scheduled_updates = 3
INFO:werkzeug:127.0.0.1 - - [07/Dec/2021 16:11:23] "[32mGET /index?notif=NZ+Woman+who+thought+Covid+was+%27just+the+flu%27+warns+Kiwi%27s+of+her+mistake+-+Daily+Mail HTTP/1.1[0m" 302 -
INFO:covid_data_handler:Returning local data
INFO:covid_data_handler:New total_deaths , current_hospital_cases and last7days_cases calculated
INFO:covid_data_handler:Returning national data
INFO:covid_data_handler:New total_deaths , current_hospital_cases and last7days_cases calculated
INFO:covid_news_handling:return ARTICLE_LIST
INFO:covid_news_handling:Updated and returned news articles
INFO:werkzeug:127.0.0.1 - - [07/Dec/2021 16:11:23] "GET / HTTP/1.1" 200 -
INFO:werkzeug:127.0.0.1 - - [07/Dec/2021 16:11:23] "[36mGET /static/images/covid_image.png HTTP/1.1[0m" 304 -
INFO:__main__:Size of list_scheduled_updates = 3
INFO:werkzeug:127.0.0.1 - - [07/Dec/2021 16:12:24] "[32mGET /index HTTP/1.1[0m" 302 -
INFO:covid_data_handler:Returning local data
INFO:covid_data_handler:New total_deaths , current_hospital_cases and last7days_cases calculated
INFO:covid_data_handler:Returning national data
INFO:covid_data_handler:New total_deaths , current_hospital_cases and last7days_cases calculated
INFO:covid_news_handling:return ARTICLE_LIST
INFO:covid_news_handling:Updated and returned news articles
INFO:__main__:Removed Update_1 from list_scheduled_updates
INFO:__main__:**Update_1
INFO:werkzeug:127.0.0.1 - - [07/Dec/2021 16:12:24] "GET / HTTP/1.1" 200 -
INFO:werkzeug:127.0.0.1 - - [07/Dec/2021 16:12:24] "[36mGET /static/images/covid_image.png HTTP/1.1[0m" 304 -
INFO:__main__:Size of list_scheduled_updates = 2
INFO:covid_data_handler:Local covid data updated
INFO:covid_data_handler:National covid data updated
INFO:werkzeug:127.0.0.1 - - [07/Dec/2021 16:13:27] "[32mGET /index HTTP/1.1[0m" 302 -
INFO:covid_data_handler:Returning local data
INFO:covid_data_handler:New total_deaths , current_hospital_cases and last7days_cases calculated
INFO:covid_data_handler:Returning national data
INFO:covid_data_handler:New total_deaths , current_hospital_cases and last7days_cases calculated
INFO:covid_news_handling:return ARTICLE_LIST
INFO:covid_news_handling:Updated and returned news articles
INFO:__main__:Removed Update_3 from list_scheduled_updates
INFO:__main__:**Update_3
INFO:__main__:list.remove(x): x not in list
INFO:werkzeug:127.0.0.1 - - [07/Dec/2021 16:13:27] "GET / HTTP/1.1" 200 -
INFO:werkzeug:127.0.0.1 - - [07/Dec/2021 16:13:27] "[36mGET /static/images/covid_image.png HTTP/1.1[0m" 304 -
INFO:covid_news_handling:Added a new title to removed_article_titles
INFO:__main__:Removed an article
INFO:__main__:Size of list_scheduled_updates = 1
INFO:covid_data_handler:National covid data updated
INFO:covid_data_handler:Local covid data updated
INFO:werkzeug:127.0.0.1 - - [07/Dec/2021 16:14:17] "[32mGET /index?notif=Covid+live%3A+Early+signs+Omicron+more+transmissible+than+Delta%2C+UK+PM+says%3B+Spain+clears+jabs+for+5-+to+11-year-olds+-+The+Guardian HTTP/1.1[0m" 302 -
INFO:covid_data_handler:Returning local data
INFO:covid_data_handler:New total_deaths , current_hospital_cases and last7days_cases calculated
INFO:covid_data_handler:Returning national data
INFO:covid_data_handler:New total_deaths , current_hospital_cases and last7days_cases calculated
INFO:covid_news_handling:return ARTICLE_LIST
INFO:covid_news_handling:Updated and returned news articles
INFO:__main__:Calculated delay time
INFO:covid_data_handler:Scheduling Update_4 a news update in 86383.0seconds
INFO:__main__:Rescheduling covid : Update_4
INFO:__main__:Calculated delay time
INFO:covid_news_handling:Scheduling Update_4 a covid update in 86383.0seconds

INFO:__main__:Rescheduling news : Update_4
INFO:werkzeug:127.0.0.1 - - [07/Dec/2021 16:14:17] "GET / HTTP/1.1" 200 -
INFO:werkzeug:127.0.0.1 - - [07/Dec/2021 16:14:17] "[36mGET /static/images/covid_image.png HTTP/1.1[0m" 304 -
INFO:__main__:
 NEW EXECUTION 

INFO:covid_data_handler:Local covid data updated
INFO:covid_data_handler:National covid data updated
INFO:app:
 NEW EXECUTION 

INFO:covid_news_handling:Added a new title to removed_article_titles
INFO:app:Removed an article
INFO:app:Calculated delay time
INFO:covid_data_handler:Scheduling a_label a news update in 71123.0seconds
INFO:app:New scheduled event :
 a_label['Time | 12:00', 'Covid_update | True', 'News_update | False', 'Repeat | False']
INFO:app:Size of list_scheduled_updates = 1
INFO:app:Calculated delay time
INFO:covid_news_handling:Scheduling b_label a covid update in 71123.0seconds

INFO:app:New scheduled event :
 b_label['Time | 12:00', 'Covid_update | False', 'News_update | True', 'Repeat | False']
INFO:app:Size of list_scheduled_updates = 2
INFO:app:Calculated delay time
INFO:covid_data_handler:Scheduling c_label a news update in 71123.0seconds
INFO:app:Calculated delay time
INFO:covid_news_handling:Scheduling c_label a covid update in 71123.0seconds

INFO:app:New scheduled event :
 c_label['Time | 12:00', 'Covid_update | True', 'News_update | True', 'Repeat | False']
INFO:app:Size of list_scheduled_updates = 3
INFO:app:Calculated delay time
INFO:covid_data_handler:Scheduling d_label a news update in 71123.0seconds
INFO:app:Calculated delay time
INFO:covid_news_handling:Scheduling d_label a covid update in 71123.0seconds

INFO:app:New scheduled event :
 d_label['Time | 12:00', 'Covid_update | True', 'News_update | True', 'Repeat | True']
INFO:app:Size of list_scheduled_updates = 4
INFO:app:a_label removed from covid scheduler
INFO:app:b_label removed from news scheduler
INFO:app:c_label removed from covid scheduler
INFO:app:c_label removed from news scheduler
INFO:app:d_label removed from covid scheduler
INFO:app:d_label removed from news scheduler
INFO:app:Calculated delay time
INFO:app:Calculated delay time
INFO:covid_news_handling:Scheduling remove_label a covid update in 71123.0seconds

INFO:app:New scheduled event :
 remove_label['Time | 12:00', 'Covid_update | False', 'News_update | True', 'Repeat | False']
INFO:app:Size of list_scheduled_updates = 1
INFO:app:remove_label removed from news scheduler
INFO:app:remove_label removed from list_scheduled_updates
INFO:app:Calculated delay time
INFO:covid_data_handler:Scheduling a_label a news update in 71123.0seconds
INFO:app:New scheduled event :
 a_label['Time | 12:00', 'Covid_update | True', 'News_update | False', 'Repeat | False']
INFO:app:Size of list_scheduled_updates = 1
INFO:app:Size of list_scheduled_updates = 1
INFO:covid_data_handler:Readlines from csv file
INFO:covid_data_handler:Readlines from csv file
INFO:covid_data_handler:process_covid_csv_data returned data
INFO:covid_data_handler:Local covid data updated
INFO:covid_data_handler:Scheduling update test a news update in 10seconds
INFO:covid_data_handler:Local covid data updated
INFO:covid_data_handler:National covid data updated
INFO:covid_data_handler:Returning local data
INFO:covid_data_handler:Returning national data
INFO:covid_data_handler:National covid data updated
INFO:covid_data_handler:New total_deaths , current_hospital_cases and last7days_cases calculated
INFO:covid_news_handling:Scheduling test a covid update in 10seconds

INFO:covid_news_handling:Updated and returned news articles
INFO:covid_news_handling:Added a new title to removed_article_titles
INFO:covid_news_handling:return ARTICLE_LIST
INFO:__main__:Calculated delay time
INFO:covid_data_handler:Scheduling Update_2 a news update in 84798.0seconds
INFO:__main__:New scheduled event :
 Update_2['Time | 15:48', 'Covid_update | True', 'News_update | False', 'Repeat | False']
INFO:__main__:Size of list_scheduled_updates = 1
INFO:__main__:Update_2 removed from covid scheduler
INFO:__main__:Update_2 removed from list_scheduled_updates
INFO:__main__:Calculated delay time
INFO:covid_data_handler:Scheduling Update_2 a news update in 86178.0seconds
INFO:__main__:New scheduled event :
 Update_2['Time | 16:11', 'Covid_update | True', 'News_update | False', 'Repeat | False']
INFO:__main__:Size of list_scheduled_updates = 1
INFO:__main__:Calculated delay time
INFO:covid_news_handling:Scheduling Update_1 a covid update in 86238.0seconds

INFO:__main__:New scheduled event :
 Update_1['Time | 16:12', 'Covid_update | False', 'News_update | True', 'Repeat | False']
INFO:__main__:Size of list_scheduled_updates = 2
INFO:__main__:Calculated delay time
INFO:covid_data_handler:Scheduling Update_3 a news update in 86298.0seconds
INFO:__main__:New scheduled event :
 Update_3['Time | 16:13', 'Covid_update | True', 'News_update | False', 'Repeat | False']
INFO:__main__:Size of list_scheduled_updates = 3
INFO:__main__:Calculated delay time
INFO:covid_data_handler:Scheduling Update_4 a news update in 86358.0seconds
INFO:__main__:Calculated delay time
INFO:covid_news_handling:Scheduling Update_4 a covid update in 86358.0seconds

INFO:__main__:New scheduled event :
 Update_4['Time | 16:14', 'Covid_update | True', 'News_update | True', 'Repeat | True']
INFO:__main__:Size of list_scheduled_updates = 4
INFO:__main__:Update_2 removed from covid scheduler
INFO:__main__:Update_2 removed from list_scheduled_updates
INFO:__main__:Update_1 removed from news scheduler
INFO:__main__:Update_1 removed from list_scheduled_updates
INFO:__main__:Update_3 removed from covid scheduler
INFO:__main__:Update_3 removed from list_scheduled_updates
INFO:werkzeug: * Running on http://127.0.0.1:5000/ (Press CTRL+C to quit)
INFO:covid_news_handling:Added a new title to removed_article_titles
INFO:__main__:Removed an article
INFO:__main__:Size of list_scheduled_updates = 1
INFO:werkzeug:127.0.0.1 - - [07/Dec/2021 16:14:50] "[32mGET /index?notif=Australia+news+LIVE%3A+William+Tyrrell+search+enters+second+week%3B+Victoria+records+1029+new+local+COVID-19+cases%2C+three+deaths+-+The+Sydney+Morning+Herald HTTP/1.1[0m" 302 -
INFO:covid_data_handler:Returning local data
INFO:covid_data_handler:New total_deaths , current_hospital_cases and last7days_cases calculated
INFO:covid_data_handler:Returning national data
INFO:covid_data_handler:New total_deaths , current_hospital_cases and last7days_cases calculated
INFO:covid_news_handling:return ARTICLE_LIST
INFO:covid_news_handling:Updated and returned news articles
INFO:werkzeug:127.0.0.1 - - [07/Dec/2021 16:14:50] "GET / HTTP/1.1" 200 -
INFO:werkzeug:127.0.0.1 - - [07/Dec/2021 16:14:51] "[36mGET /static/images/covid_image.png HTTP/1.1[0m" 304 -
INFO:covid_news_handling:Added a new title to removed_article_titles
INFO:__main__:Removed an article
INFO:__main__:Size of list_scheduled_updates = 1
INFO:werkzeug:127.0.0.1 - - [07/Dec/2021 16:15:05] "[32mGET /index?notif=Nicola+Sturgeon+covid+update+LIVE%3A+Rules+tightened+as+‘concerning’+omicron+cases+increase+tenfold+-+Glasgow+Live HTTP/1.1[0m" 302 -
INFO:covid_data_handler:Returning local data
INFO:covid_data_handler:New total_deaths , current_hospital_cases and last7days_cases calculated
INFO:covid_data_handler:Returning national data
INFO:covid_data_handler:New total_deaths , current_hospital_cases and last7days_cases calculated
INFO:covid_news_handling:return ARTICLE_LIST
INFO:covid_news_handling:Updated and returned news articles
INFO:werkzeug:127.0.0.1 - - [07/Dec/2021 16:15:05] "GET / HTTP/1.1" 200 -
INFO:werkzeug:127.0.0.1 - - [07/Dec/2021 16:15:05] "[36mGET /static/images/covid_image.png HTTP/1.1[0m" 304 -
INFO:covid_news_handling:Added a new title to removed_article_titles
INFO:__main__:Removed an article
INFO:__main__:Size of list_scheduled_updates = 1
INFO:werkzeug:127.0.0.1 - - [07/Dec/2021 16:15:13] "[32mGET /index?notif=Covid+live%3A+Early+signs+Omicron+more+transmissible+than+Delta%2C+UK+PM+says%3B+Spain+clears+jabs+for+5-+to+11-year-olds+-+The+Guardian HTTP/1.1[0m" 302 -
INFO:covid_data_handler:Returning local data
INFO:covid_data_handler:New total_deaths , current_hospital_cases and last7days_cases calculated
INFO:covid_data_handler:Returning national data
INFO:covid_data_handler:New total_deaths , current_hospital_cases and last7days_cases calculated
INFO:covid_news_handling:return ARTICLE_LIST
INFO:covid_news_handling:Updated and returned news articles
INFO:werkzeug:127.0.0.1 - - [07/Dec/2021 16:15:13] "GET / HTTP/1.1" 200 -
INFO:werkzeug:127.0.0.1 - - [07/Dec/2021 16:15:13] "[36mGET /static/images/covid_image.png HTTP/1.1[0m" 304 -
INFO:__main__:Update_4 removed from covid scheduler
INFO:__main__:Update_4 removed from news scheduler
INFO:__main__:Update_4 removed from list_scheduled_updates
INFO:__main__:Size of list_scheduled_updates = 0
INFO:werkzeug:127.0.0.1 - - [07/Dec/2021 16:15:36] "[32mGET /index?update_item=Update_4 HTTP/1.1[0m" 302 -
INFO:covid_data_handler:Returning local data
INFO:covid_data_handler:New total_deaths , current_hospital_cases and last7days_cases calculated
INFO:covid_data_handler:Returning national data
INFO:covid_data_handler:New total_deaths , current_hospital_cases and last7days_cases calculated
INFO:covid_news_handling:return ARTICLE_LIST
INFO:covid_news_handling:Updated and returned news articles
INFO:werkzeug:127.0.0.1 - - [07/Dec/2021 16:15:36] "GET / HTTP/1.1" 200 -
INFO:werkzeug:127.0.0.1 - - [07/Dec/2021 16:15:36] "[36mGET /static/images/covid_image.png HTTP/1.1[0m" 304 -
INFO:__main__:Calculated delay time
INFO:covid_data_handler:Scheduling update_5 a news update in 86399.0seconds
INFO:__main__:Calculated delay time
INFO:covid_news_handling:Scheduling update_5 a covid update in 86399.0seconds

INFO:__main__:New scheduled event :
 update_5['Time | 16:16', 'Covid_update | True', 'News_update | True', 'Repeat | False']
INFO:__main__:Size of list_scheduled_updates = 1
INFO:werkzeug:127.0.0.1 - - [07/Dec/2021 16:16:01] "[32mGET /index?update=16%3A16&two=update_5&covid-data=covid-data&news=news HTTP/1.1[0m" 302 -
INFO:covid_data_handler:Returning local data
INFO:covid_data_handler:New total_deaths , current_hospital_cases and last7days_cases calculated
INFO:covid_data_handler:Returning national data
INFO:covid_data_handler:New total_deaths , current_hospital_cases and last7days_cases calculated
INFO:covid_news_handling:return ARTICLE_LIST
INFO:covid_news_handling:Updated and returned news articles
INFO:werkzeug:127.0.0.1 - - [07/Dec/2021 16:16:01] "GET / HTTP/1.1" 200 -
INFO:werkzeug:127.0.0.1 - - [07/Dec/2021 16:16:01] "[36mGET /static/images/covid_image.png HTTP/1.1[0m" 304 -
INFO:covid_news_handling:Added a new title to removed_article_titles
INFO:__main__:Removed an article
INFO:__main__:Size of list_scheduled_updates = 1
INFO:werkzeug:127.0.0.1 - - [07/Dec/2021 16:16:06] "[32mGET /index?notif=Espinoza%3A+Christmas%2C+elections+and+Omicron+-+Yahoo+Philippines+News HTTP/1.1[0m" 302 -
INFO:covid_data_handler:Returning local data
INFO:covid_data_handler:New total_deaths , current_hospital_cases and last7days_cases calculated
INFO:covid_data_handler:Returning national data
INFO:covid_data_handler:New total_deaths , current_hospital_cases and last7days_cases calculated
INFO:covid_news_handling:return ARTICLE_LIST
INFO:covid_news_handling:Updated and returned news articles
INFO:werkzeug:127.0.0.1 - - [07/Dec/2021 16:16:07] "GET / HTTP/1.1" 200 -
INFO:werkzeug:127.0.0.1 - - [07/Dec/2021 16:16:07] "[36mGET /static/images/covid_image.png HTTP/1.1[0m" 304 -
INFO:covid_news_handling:Added a new title to removed_article_titles
INFO:__main__:Removed an article
INFO:__main__:Size of list_scheduled_updates = 1
INFO:werkzeug:127.0.0.1 - - [07/Dec/2021 16:16:42] "[32mGET /index?notif=Study+analyzes+which+factors+play+a+role+when+people+decide+for+or+against+vaccination+-+News-Medical.net HTTP/1.1[0m" 302 -
INFO:covid_data_handler:Returning local data
INFO:covid_data_handler:New total_deaths , current_hospital_cases and last7days_cases calculated
INFO:covid_data_handler:Returning national data
INFO:covid_data_handler:New total_deaths , current_hospital_cases and last7days_cases calculated
INFO:covid_news_handling:return ARTICLE_LIST
INFO:covid_news_handling:Updated and returned news articles
INFO:werkzeug:127.0.0.1 - - [07/Dec/2021 16:16:42] "GET / HTTP/1.1" 200 -
INFO:werkzeug:127.0.0.1 - - [07/Dec/2021 16:16:42] "[36mGET /static/images/covid_image.png HTTP/1.1[0m" 304 -
INFO:covid_news_handling:Added a new title to removed_article_titles
INFO:__main__:Removed an article
INFO:__main__:Size of list_scheduled_updates = 1
INFO:werkzeug:127.0.0.1 - - [07/Dec/2021 16:16:47] "[32mGET /index?notif=Covid%3A+Walk-in+booster+vaccines+available+today+only+at+Harrogate%27s+Great+Yorkshire+Showground+-+Harrogate+Advertiser HTTP/1.1[0m" 302 -
INFO:covid_data_handler:Returning local data
INFO:covid_data_handler:New total_deaths , current_hospital_cases and last7days_cases calculated
INFO:covid_data_handler:Returning national data
INFO:covid_data_handler:New total_deaths , current_hospital_cases and last7days_cases calculated
INFO:covid_news_handling:return ARTICLE_LIST
INFO:covid_news_handling:Updated and returned news articles
INFO:werkzeug:127.0.0.1 - - [07/Dec/2021 16:16:47] "GET / HTTP/1.1" 200 -
INFO:werkzeug:127.0.0.1 - - [07/Dec/2021 16:16:48] "[36mGET /static/images/covid_image.png HTTP/1.1[0m" 304 -
INFO:__main__:update_5 removed from covid scheduler
INFO:__main__:update_5 removed from news scheduler
INFO:__main__:update_5 removed from list_scheduled_updates
INFO:__main__:Size of list_scheduled_updates = 0
INFO:werkzeug:127.0.0.1 - - [07/Dec/2021 16:16:49] "[32mGET /index?update_item=update_5 HTTP/1.1[0m" 302 -
INFO:covid_data_handler:Returning local data
INFO:covid_data_handler:New total_deaths , current_hospital_cases and last7days_cases calculated
INFO:covid_data_handler:Returning national data
INFO:covid_data_handler:New total_deaths , current_hospital_cases and last7days_cases calculated
INFO:covid_news_handling:return ARTICLE_LIST
INFO:covid_news_handling:Updated and returned news articles
INFO:werkzeug:127.0.0.1 - - [07/Dec/2021 16:16:49] "GET / HTTP/1.1" 200 -
INFO:werkzeug:127.0.0.1 - - [07/Dec/2021 16:16:49] "[36mGET /static/images/covid_image.png HTTP/1.1[0m" 304 -
INFO:__main__:Calculated delay time
INFO:covid_data_handler:Scheduling willy a news update in 57.0seconds
INFO:__main__:New scheduled event :
 willy['Time | 16:18', 'Covid_update | True', 'News_update | False', 'Repeat | False']
INFO:__main__:Size of list_scheduled_updates = 1
INFO:werkzeug:127.0.0.1 - - [07/Dec/2021 16:17:03] "[32mGET /index?update=16%3A18&two=willy&covid-data=covid-data HTTP/1.1[0m" 302 -
INFO:covid_data_handler:Returning local data
INFO:covid_data_handler:New total_deaths , current_hospital_cases and last7days_cases calculated
INFO:covid_data_handler:Returning national data
INFO:covid_data_handler:New total_deaths , current_hospital_cases and last7days_cases calculated
INFO:covid_news_handling:return ARTICLE_LIST
INFO:covid_news_handling:Updated and returned news articles
INFO:werkzeug:127.0.0.1 - - [07/Dec/2021 16:17:03] "GET / HTTP/1.1" 200 -
INFO:werkzeug:127.0.0.1 - - [07/Dec/2021 16:17:03] "[36mGET /static/images/covid_image.png HTTP/1.1[0m" 304 -
INFO:__main__:
 NEW EXECUTION 

INFO:covid_data_handler:Local covid data updated
INFO:covid_data_handler:National covid data updated
INFO:app:
 NEW EXECUTION 

INFO:covid_news_handling:Added a new title to removed_article_titles
INFO:app:Removed an article
INFO:app:Calculated delay time
INFO:covid_data_handler:Scheduling a_label a news update in 70955.0seconds
INFO:app:New scheduled event :
 a_label['Time | 12:00', 'Covid_update | True', 'News_update | False', 'Repeat | False']
INFO:app:Size of list_scheduled_updates = 1
INFO:app:Calculated delay time
INFO:covid_news_handling:Scheduling b_label a covid update in 70955.0seconds

INFO:app:New scheduled event :
 b_label['Time | 12:00', 'Covid_update | False', 'News_update | True', 'Repeat | False']
INFO:app:Size of list_scheduled_updates = 2
INFO:app:Calculated delay time
INFO:covid_data_handler:Scheduling c_label a news update in 70955.0seconds
INFO:app:Calculated delay time
INFO:covid_news_handling:Scheduling c_label a covid update in 70955.0seconds

INFO:app:New scheduled event :
 c_label['Time | 12:00', 'Covid_update | True', 'News_update | True', 'Repeat | False']
INFO:app:Size of list_scheduled_updates = 3
INFO:app:Calculated delay time
INFO:covid_data_handler:Scheduling d_label a news update in 70955.0seconds
INFO:app:Calculated delay time
INFO:covid_news_handling:Scheduling d_label a covid update in 70955.0seconds

INFO:app:New scheduled event :
 d_label['Time | 12:00', 'Covid_update | True', 'News_update | True', 'Repeat | True']
INFO:app:Size of list_scheduled_updates = 4
INFO:app:a_label removed from covid scheduler
INFO:app:b_label removed from news scheduler
INFO:app:c_label removed from covid scheduler
INFO:app:c_label removed from news scheduler
INFO:app:d_label removed from covid scheduler
INFO:app:d_label removed from news scheduler
INFO:app:Calculated delay time
INFO:app:Calculated delay time
INFO:covid_news_handling:Scheduling remove_label a covid update in 70955.0seconds

INFO:app:New scheduled event :
 remove_label['Time | 12:00', 'Covid_update | False', 'News_update | True', 'Repeat | False']
INFO:app:Size of list_scheduled_updates = 1
INFO:app:remove_label removed from news scheduler
INFO:app:remove_label removed from list_scheduled_updates
INFO:app:Calculated delay time
INFO:covid_data_handler:Scheduling a_label a news update in 70955.0seconds
INFO:app:New scheduled event :
 a_label['Time | 12:00', 'Covid_update | True', 'News_update | False', 'Repeat | False']
INFO:app:Size of list_scheduled_updates = 1
INFO:app:Size of list_scheduled_updates = 1
INFO:covid_data_handler:Readlines from csv file
INFO:covid_data_handler:Readlines from csv file
INFO:covid_data_handler:process_covid_csv_data returned data
INFO:covid_data_handler:Local covid data updated
INFO:covid_data_handler:Scheduling update test a news update in 10seconds
INFO:covid_data_handler:Local covid data updated
INFO:covid_data_handler:National covid data updated
INFO:covid_data_handler:Returning local data
INFO:covid_data_handler:Returning national data
INFO:covid_data_handler:National covid data updated
INFO:covid_data_handler:New total_deaths , current_hospital_cases and last7days_cases calculated
INFO:covid_news_handling:Scheduling test a covid update in 10seconds

INFO:covid_news_handling:Updated and returned news articles
INFO:covid_news_handling:Added a new title to removed_article_titles
INFO:covid_news_handling:return ARTICLE_LIST
INFO:__main__:Calculated delay time
INFO:covid_data_handler:Scheduling Update_2 a news update in 84631.0seconds
INFO:__main__:New scheduled event :
 Update_2['Time | 15:48', 'Covid_update | True', 'News_update | False', 'Repeat | False']
INFO:__main__:Size of list_scheduled_updates = 1
INFO:__main__:Update_2 removed from covid scheduler
INFO:__main__:Update_2 removed from list_scheduled_updates
INFO:__main__:Calculated delay time
INFO:covid_data_handler:Scheduling Update_2 a news update in 86011.0seconds
INFO:__main__:New scheduled event :
 Update_2['Time | 16:11', 'Covid_update | True', 'News_update | False', 'Repeat | False']
INFO:__main__:Size of list_scheduled_updates = 1
INFO:__main__:Calculated delay time
INFO:covid_news_handling:Scheduling Update_1 a covid update in 86071.0seconds

INFO:__main__:New scheduled event :
 Update_1['Time | 16:12', 'Covid_update | False', 'News_update | True', 'Repeat | False']
INFO:__main__:Size of list_scheduled_updates = 2
INFO:__main__:Calculated delay time
INFO:covid_data_handler:Scheduling Update_3 a news update in 86131.0seconds
INFO:__main__:New scheduled event :
 Update_3['Time | 16:13', 'Covid_update | True', 'News_update | False', 'Repeat | False']
INFO:__main__:Size of list_scheduled_updates = 3
INFO:__main__:Calculated delay time
INFO:covid_data_handler:Scheduling Update_4 a news update in 86191.0seconds
INFO:__main__:Calculated delay time
INFO:covid_news_handling:Scheduling Update_4 a covid update in 86191.0seconds

INFO:__main__:New scheduled event :
 Update_4['Time | 16:14', 'Covid_update | True', 'News_update | True', 'Repeat | True']
INFO:__main__:Size of list_scheduled_updates = 4
INFO:__main__:Update_2 removed from covid scheduler
INFO:__main__:Update_2 removed from list_scheduled_updates
INFO:__main__:Update_1 removed from news scheduler
INFO:__main__:Update_1 removed from list_scheduled_updates
INFO:__main__:Update_3 removed from covid scheduler
INFO:__main__:Update_3 removed from list_scheduled_updates
INFO:__main__:Update_4 removed from covid scheduler
INFO:__main__:Update_4 removed from news scheduler
INFO:__main__:Update_4 removed from list_scheduled_updates
INFO:__main__:Calculated delay time
INFO:covid_data_handler:Scheduling update_5 a news update in 86311.0seconds
INFO:__main__:New scheduled event :
 update_5['Time | 16:16', 'Covid_update | True', 'News_update | False', 'Repeat | False']
INFO:__main__:Size of list_scheduled_updates = 1
INFO:__main__:update_5 removed from covid scheduler
INFO:__main__:update_5 removed from list_scheduled_updates
INFO:__main__:Calculated delay time
INFO:covid_data_handler:Scheduling willy a news update in 31.0seconds
INFO:__main__:New scheduled event :
 willy['Time | 16:18', 'Covid_update | True', 'News_update | False', 'Repeat | False']
INFO:__main__:Size of list_scheduled_updates = 1
INFO:werkzeug: * Running on http://127.0.0.1:5000/ (Press CTRL+C to quit)
INFO:covid_news_handling:Added a new title to removed_article_titles
INFO:__main__:Removed an article
INFO:__main__:Size of list_scheduled_updates = 1
INFO:werkzeug:127.0.0.1 - - [07/Dec/2021 16:17:57] "[32mGET /index?notif=Australia+news+LIVE%3A+William+Tyrrell+search+enters+second+week%3B+Victoria+records+1029+new+local+COVID-19+cases%2C+three+deaths+-+The+Sydney+Morning+Herald HTTP/1.1[0m" 302 -
INFO:covid_data_handler:Returning local data
INFO:covid_data_handler:New total_deaths , current_hospital_cases and last7days_cases calculated
INFO:covid_data_handler:Returning national data
INFO:covid_data_handler:New total_deaths , current_hospital_cases and last7days_cases calculated
INFO:covid_news_handling:return ARTICLE_LIST
INFO:covid_news_handling:Updated and returned news articles
INFO:werkzeug:127.0.0.1 - - [07/Dec/2021 16:17:57] "GET / HTTP/1.1" 200 -
INFO:werkzeug:127.0.0.1 - - [07/Dec/2021 16:17:57] "[36mGET /static/images/covid_image.png HTTP/1.1[0m" 304 -
INFO:__main__:Size of list_scheduled_updates = 1
INFO:covid_data_handler:National covid data updated
INFO:covid_data_handler:Local covid data updated
INFO:werkzeug:127.0.0.1 - - [07/Dec/2021 16:19:00] "[32mGET /index HTTP/1.1[0m" 302 -
INFO:covid_data_handler:Returning local data
INFO:covid_data_handler:New total_deaths , current_hospital_cases and last7days_cases calculated
INFO:covid_data_handler:Returning national data
INFO:covid_data_handler:New total_deaths , current_hospital_cases and last7days_cases calculated
INFO:covid_news_handling:return ARTICLE_LIST
INFO:covid_news_handling:Updated and returned news articles
INFO:__main__:Removed willy from list_scheduled_updates
INFO:__main__:**willy
INFO:werkzeug:127.0.0.1 - - [07/Dec/2021 16:19:00] "GET / HTTP/1.1" 200 -
INFO:werkzeug:127.0.0.1 - - [07/Dec/2021 16:19:00] "[36mGET /static/images/covid_image.png HTTP/1.1[0m" 304 -
INFO:covid_news_handling:Added a new title to removed_article_titles
INFO:__main__:Removed an article
INFO:__main__:Size of list_scheduled_updates = 0
INFO:werkzeug:127.0.0.1 - - [07/Dec/2021 16:19:55] "[32mGET /index?notif=Nicola+Sturgeon+covid+update+LIVE%3A+Rules+tightened+as+‘concerning’+omicron+cases+increase+tenfold+-+Glasgow+Live HTTP/1.1[0m" 302 -
INFO:covid_data_handler:Returning local data
INFO:covid_data_handler:New total_deaths , current_hospital_cases and last7days_cases calculated
INFO:covid_data_handler:Returning national data
INFO:covid_data_handler:New total_deaths , current_hospital_cases and last7days_cases calculated
INFO:covid_news_handling:return ARTICLE_LIST
INFO:covid_news_handling:Updated and returned news articles
INFO:werkzeug:127.0.0.1 - - [07/Dec/2021 16:19:55] "GET / HTTP/1.1" 200 -
INFO:werkzeug:127.0.0.1 - - [07/Dec/2021 16:19:55] "[36mGET /static/images/covid_image.png HTTP/1.1[0m" 304 -
INFO:__main__:
 NEW EXECUTION 

INFO:covid_data_handler:Local covid data updated
INFO:covid_data_handler:National covid data updated
INFO:__main__:
 NEW EXECUTION 

INFO:covid_data_handler:Local covid data updated
INFO:__main__:
 NEW EXECUTION 

INFO:__main__:Calculated delay time
INFO:covid_data_handler:Scheduling Update_2 a news update in 84342.0seconds
INFO:__main__:New scheduled event :
 Update_2['Time | 15:48', 'Covid_update | True', 'News_update | False', 'Repeat | False']
INFO:__main__:Size of list_scheduled_updates = 1
INFO:__main__:Update_2 removed from covid scheduler
INFO:__main__:Update_2 removed from list_scheduled_updates
INFO:__main__:Calculated delay time
INFO:covid_data_handler:Scheduling Update_2 a news update in 85722.0seconds
INFO:__main__:New scheduled event :
 Update_2['Time | 16:11', 'Covid_update | True', 'News_update | False', 'Repeat | False']
INFO:__main__:Size of list_scheduled_updates = 1
INFO:__main__:Calculated delay time
INFO:covid_news_handling:Scheduling Update_1 a covid update in 85782.0seconds

INFO:__main__:New scheduled event :
 Update_1['Time | 16:12', 'Covid_update | False', 'News_update | True', 'Repeat | False']
INFO:__main__:Size of list_scheduled_updates = 2
INFO:__main__:Calculated delay time
INFO:covid_data_handler:Scheduling Update_3 a news update in 85842.0seconds
INFO:__main__:New scheduled event :
 Update_3['Time | 16:13', 'Covid_update | True', 'News_update | False', 'Repeat | False']
INFO:__main__:Size of list_scheduled_updates = 3
INFO:__main__:Calculated delay time
INFO:covid_data_handler:Scheduling Update_4 a news update in 85902.0seconds
INFO:__main__:Calculated delay time
INFO:covid_news_handling:Scheduling Update_4 a covid update in 85902.0seconds

INFO:__main__:New scheduled event :
 Update_4['Time | 16:14', 'Covid_update | True', 'News_update | True', 'Repeat | True']
INFO:__main__:Size of list_scheduled_updates = 4
INFO:__main__:Update_2 removed from covid scheduler
INFO:__main__:Update_2 removed from list_scheduled_updates
INFO:__main__:Update_1 removed from news scheduler
INFO:__main__:Update_1 removed from list_scheduled_updates
INFO:__main__:Update_3 removed from covid scheduler
INFO:__main__:Update_3 removed from list_scheduled_updates
INFO:__main__:Update_4 removed from covid scheduler
INFO:__main__:Update_4 removed from news scheduler
INFO:__main__:Update_4 removed from list_scheduled_updates
INFO:__main__:Calculated delay time
INFO:covid_data_handler:Scheduling update_5 a news update in 86022.0seconds
INFO:__main__:New scheduled event :
 update_5['Time | 16:16', 'Covid_update | True', 'News_update | False', 'Repeat | False']
INFO:__main__:Size of list_scheduled_updates = 1
INFO:__main__:update_5 removed from covid scheduler
INFO:__main__:update_5 removed from list_scheduled_updates
INFO:__main__:Calculated delay time
INFO:covid_data_handler:Scheduling willy a news update in 86142.0seconds
INFO:__main__:New scheduled event :
 willy['Time | 16:18', 'Covid_update | True', 'News_update | False', 'Repeat | False']
INFO:__main__:Size of list_scheduled_updates = 1
INFO:__main__:willy removed from covid scheduler
INFO:__main__:willy removed from list_scheduled_updates
INFO:werkzeug: * Running on http://127.0.0.1:5000/ (Press CTRL+C to quit)
INFO:covid_news_handling:Added a new title to removed_article_titles
INFO:__main__:Removed an article
INFO:__main__:Size of list_scheduled_updates = 0
INFO:werkzeug:127.0.0.1 - - [07/Dec/2021 16:22:28] "[32mGET /index?notif=Australia+news+LIVE%3A+William+Tyrrell+search+enters+second+week%3B+Victoria+records+1029+new+local+COVID-19+cases%2C+three+deaths+-+The+Sydney+Morning+Herald HTTP/1.1[0m" 302 -
INFO:covid_data_handler:Returning local data
INFO:covid_data_handler:New total_deaths , current_hospital_cases and last7days_cases calculated
INFO:covid_data_handler:Returning national data
INFO:covid_data_handler:New total_deaths , current_hospital_cases and last7days_cases calculated
INFO:covid_news_handling:return ARTICLE_LIST
INFO:covid_news_handling:Updated and returned news articles
INFO:werkzeug:127.0.0.1 - - [07/Dec/2021 16:22:28] "GET / HTTP/1.1" 200 -
INFO:werkzeug:127.0.0.1 - - [07/Dec/2021 16:22:28] "[36mGET /static/images/covid_image.png HTTP/1.1[0m" 304 -
INFO:__main__:
 NEW EXECUTION 

INFO:covid_data_handler:Local covid data updated
INFO:covid_data_handler:National covid data updated
INFO:app:
 NEW EXECUTION 

INFO:covid_news_handling:Added a new title to removed_article_titles
INFO:app:Removed an article
INFO:app:Calculated delay time
INFO:covid_data_handler:Scheduling a_label a news update in 70616.0seconds
INFO:app:New scheduled event :
 a_label['Time | 12:00', 'Covid_update | True', 'News_update | False', 'Repeat | False']
INFO:app:Size of list_scheduled_updates = 1
INFO:app:Calculated delay time
INFO:covid_news_handling:Scheduling b_label a covid update in 70616.0seconds

INFO:app:New scheduled event :
 b_label['Time | 12:00', 'Covid_update | False', 'News_update | True', 'Repeat | False']
INFO:app:Size of list_scheduled_updates = 2
INFO:app:Calculated delay time
INFO:covid_data_handler:Scheduling c_label a news update in 70616.0seconds
INFO:app:Calculated delay time
INFO:covid_news_handling:Scheduling c_label a covid update in 70616.0seconds

INFO:app:New scheduled event :
 c_label['Time | 12:00', 'Covid_update | True', 'News_update | True', 'Repeat | False']
INFO:app:Size of list_scheduled_updates = 3
INFO:app:Calculated delay time
INFO:covid_data_handler:Scheduling d_label a news update in 70616.0seconds
INFO:app:Calculated delay time
INFO:covid_news_handling:Scheduling d_label a covid update in 70616.0seconds

INFO:app:New scheduled event :
 d_label['Time | 12:00', 'Covid_update | True', 'News_update | True', 'Repeat | True']
INFO:app:Size of list_scheduled_updates = 4
INFO:app:a_label removed from covid scheduler
INFO:app:b_label removed from news scheduler
INFO:app:c_label removed from covid scheduler
INFO:app:c_label removed from news scheduler
INFO:app:d_label removed from covid scheduler
INFO:app:d_label removed from news scheduler
INFO:app:Calculated delay time
INFO:app:Calculated delay time
INFO:covid_news_handling:Scheduling remove_label a covid update in 70616.0seconds

INFO:app:New scheduled event :
 remove_label['Time | 12:00', 'Covid_update | False', 'News_update | True', 'Repeat | False']
INFO:app:Size of list_scheduled_updates = 1
INFO:app:remove_label removed from news scheduler
INFO:app:remove_label removed from list_scheduled_updates
INFO:app:Calculated delay time
INFO:covid_data_handler:Scheduling a_label a news update in 70616.0seconds
INFO:app:New scheduled event :
 a_label['Time | 12:00', 'Covid_update | True', 'News_update | False', 'Repeat | False']
INFO:app:Size of list_scheduled_updates = 1
INFO:app:Size of list_scheduled_updates = 1
INFO:covid_data_handler:Readlines from csv file
INFO:covid_data_handler:Readlines from csv file
INFO:covid_data_handler:process_covid_csv_data returned data
INFO:covid_data_handler:Local covid data updated
INFO:covid_data_handler:Scheduling update test a news update in 10seconds
INFO:covid_data_handler:Local covid data updated
INFO:covid_data_handler:National covid data updated
INFO:covid_data_handler:Returning local data
INFO:covid_data_handler:Returning national data
INFO:covid_data_handler:National covid data updated
INFO:covid_data_handler:New total_deaths , current_hospital_cases and last7days_cases calculated
INFO:covid_news_handling:Scheduling test a covid update in 10seconds

INFO:covid_news_handling:Updated and returned news articles
INFO:covid_news_handling:Added a new title to removed_article_titles
INFO:covid_news_handling:return ARTICLE_LIST
INFO:__main__:Calculated delay time
INFO:covid_data_handler:Scheduling Update_2 a news update in 84284.0seconds
INFO:__main__:New scheduled event :
 Update_2['Time | 15:48', 'Covid_update | True', 'News_update | False', 'Repeat | False']
INFO:__main__:Size of list_scheduled_updates = 1
INFO:__main__:Update_2 removed from covid scheduler
INFO:__main__:Update_2 removed from list_scheduled_updates
INFO:__main__:Calculated delay time
INFO:covid_data_handler:Scheduling Update_2 a news update in 85664.0seconds
INFO:__main__:New scheduled event :
 Update_2['Time | 16:11', 'Covid_update | True', 'News_update | False', 'Repeat | False']
INFO:__main__:Size of list_scheduled_updates = 1
INFO:__main__:Calculated delay time
INFO:covid_news_handling:Scheduling Update_1 a covid update in 85724.0seconds

INFO:__main__:New scheduled event :
 Update_1['Time | 16:12', 'Covid_update | False', 'News_update | True', 'Repeat | False']
INFO:__main__:Size of list_scheduled_updates = 2
INFO:__main__:Calculated delay time
INFO:covid_data_handler:Scheduling Update_3 a news update in 85784.0seconds
INFO:__main__:New scheduled event :
 Update_3['Time | 16:13', 'Covid_update | True', 'News_update | False', 'Repeat | False']
INFO:__main__:Size of list_scheduled_updates = 3
INFO:__main__:Calculated delay time
INFO:covid_data_handler:Scheduling Update_4 a news update in 85844.0seconds
INFO:__main__:Calculated delay time
INFO:covid_news_handling:Scheduling Update_4 a covid update in 85844.0seconds

INFO:__main__:New scheduled event :
 Update_4['Time | 16:14', 'Covid_update | True', 'News_update | True', 'Repeat | True']
INFO:__main__:Size of list_scheduled_updates = 4
INFO:__main__:Update_2 removed from covid scheduler
INFO:__main__:Update_2 removed from list_scheduled_updates
INFO:__main__:Update_1 removed from news scheduler
INFO:__main__:Update_1 removed from list_scheduled_updates
INFO:__main__:Update_3 removed from covid scheduler
INFO:__main__:Update_3 removed from list_scheduled_updates
INFO:__main__:Update_4 removed from covid scheduler
INFO:__main__:Update_4 removed from news scheduler
INFO:__main__:Update_4 removed from list_scheduled_updates
INFO:__main__:Calculated delay time
INFO:covid_data_handler:Scheduling update_5 a news update in 85964.0seconds
INFO:__main__:New scheduled event :
 update_5['Time | 16:16', 'Covid_update | True', 'News_update | False', 'Repeat | False']
INFO:__main__:Size of list_scheduled_updates = 1
INFO:__main__:update_5 removed from covid scheduler
INFO:__main__:update_5 removed from list_scheduled_updates
INFO:__main__:Calculated delay time
INFO:covid_data_handler:Scheduling willy a news update in 86084.0seconds
INFO:__main__:New scheduled event :
 willy['Time | 16:18', 'Covid_update | True', 'News_update | False', 'Repeat | False']
INFO:__main__:Size of list_scheduled_updates = 1
INFO:__main__:willy removed from covid scheduler
INFO:__main__:willy removed from list_scheduled_updates
INFO:werkzeug: * Running on http://127.0.0.1:5000/ (Press CTRL+C to quit)
